# JRE version: Java(TM) SE Runtime Environment (8.0_241-b07) (build 1.8.0_241-b07)
# Java VM: Java HotSpot(TM) 64-Bit Server VM (25.241-b07 mixed mode windows-amd64 compressed oops)
Heap:
 PSYoungGen      total 76288K, used 59510K [0x00000000f5580000, 0x00000000faa80000, 0x0000000100000000)
  eden space 65536K, 90% used [0x00000000f5580000,0x00000000f8f9d8e0,0x00000000f9580000)
  from space 10752K, 0% used [0x00000000fa000000,0x00000000fa000000,0x00000000faa80000)
  to   space 10752K, 0% used [0x00000000f9580000,0x00000000f9580000,0x00000000fa000000)
 ParOldGen       total 175104K, used 6927K [0x00000000e0000000, 0x00000000eab00000, 0x00000000f5580000)
  object space 175104K, 3% used [0x00000000e0000000,0x00000000e06c3c10,0x00000000eab00000)
 Metaspace       used 27950K, capacity 28650K, committed 28800K, reserved 1073152K
  class space    used 3935K, capacity 4124K, committed 4224K, reserved 1048576K
GC Heap History (10 events):
Event: 5.578 GC heap before
{Heap before GC invocations=1 (full 0):
 PSYoungGen      total 76288K, used 65536K [0x00000000f5580000, 0x00000000faa80000, 0x0000000100000000)
  eden space 65536K, 100% used [0x00000000f5580000,0x00000000f9580000,0x00000000f9580000)
  from space 10752K, 0% used [0x00000000fa000000,0x00000000fa000000,0x00000000faa80000)
  to   space 10752K, 0% used [0x00000000f9580000,0x00000000f9580000,0x00000000fa000000)
 ParOldGen       total 175104K, used 0K [0x00000000e0000000, 0x00000000eab00000, 0x00000000f5580000)
  object space 175104K, 0% used [0x00000000e0000000,0x00000000e0000000,0x00000000eab00000)
 Metaspace       used 7412K, capacity 7670K, committed 7808K, reserved 1056768K
  class space    used 941K, capacity 1045K, committed 1152K, reserved 1048576K
Event: 5.587 GC heap after
Heap after GC invocations=1 (full 0):
 PSYoungGen      total 76288K, used 5771K [0x00000000f5580000, 0x00000000faa80000, 0x0000000100000000)
  eden space 65536K, 0% used [0x00000000f5580000,0x00000000f5580000,0x00000000f9580000)
  from space 10752K, 53% used [0x00000000f9580000,0x00000000f9b22eb0,0x00000000fa000000)
  to   space 10752K, 0% used [0x00000000fa000000,0x00000000fa000000,0x00000000faa80000)
 ParOldGen       total 175104K, used 16K [0x00000000e0000000, 0x00000000eab00000, 0x00000000f5580000)
  object space 175104K, 0% used [0x00000000e0000000,0x00000000e0004000,0x00000000eab00000)
 Metaspace       used 7412K, capacity 7670K, committed 7808K, reserved 1056768K
  class space    used 941K, capacity 1045K, committed 1152K, reserved 1048576K
}
Event: 12.234 GC heap before
{Heap before GC invocations=2 (full 0):
 PSYoungGen      total 76288K, used 71307K [0x00000000f5580000, 0x00000000faa80000, 0x0000000100000000)
  eden space 65536K, 100% used [0x00000000f5580000,0x00000000f9580000,0x00000000f9580000)
  from space 10752K, 53% used [0x00000000f9580000,0x00000000f9b22eb0,0x00000000fa000000)
  to   space 10752K, 0% used [0x00000000fa000000,0x00000000fa000000,0x00000000faa80000)
 ParOldGen       total 175104K, used 16K [0x00000000e0000000, 0x00000000eab00000, 0x00000000f5580000)
  object space 175104K, 0% used [0x00000000e0000000,0x00000000e0004000,0x00000000eab00000)
 Metaspace       used 15155K, capacity 15528K, committed 15616K, reserved 1062912K
  class space    used 2069K, capacity 2228K, committed 2304K, reserved 1048576K
Event: 12.251 GC heap after
Heap after GC invocations=2 (full 0):
 PSYoungGen      total 76288K, used 9713K [0x00000000f5580000, 0x00000000faa80000, 0x0000000100000000)
  eden space 65536K, 0% used [0x00000000f5580000,0x00000000f5580000,0x00000000f9580000)
  from space 10752K, 90% used [0x00000000fa000000,0x00000000fa97c700,0x00000000faa80000)
  to   space 10752K, 0% used [0x00000000f9580000,0x00000000f9580000,0x00000000fa000000)
 ParOldGen       total 175104K, used 24K [0x00000000e0000000, 0x00000000eab00000, 0x00000000f5580000)
  object space 175104K, 0% used [0x00000000e0000000,0x00000000e0006000,0x00000000eab00000)
 Metaspace       used 15155K, capacity 15528K, committed 15616K, reserved 1062912K
  class space    used 2069K, capacity 2228K, committed 2304K, reserved 1048576K
}
Event: 27.159 GC heap before
{Heap before GC invocations=3 (full 0):
 PSYoungGen      total 76288K, used 75249K [0x00000000f5580000, 0x00000000faa80000, 0x0000000100000000)
  eden space 65536K, 100% used [0x00000000f5580000,0x00000000f9580000,0x00000000f9580000)
  from space 10752K, 90% used [0x00000000fa000000,0x00000000fa97c700,0x00000000faa80000)
  to   space 10752K, 0% used [0x00000000f9580000,0x00000000f9580000,0x00000000fa000000)
 ParOldGen       total 175104K, used 24K [0x00000000e0000000, 0x00000000eab00000, 0x00000000f5580000)
  object space 175104K, 0% used [0x00000000e0000000,0x00000000e0006000,0x00000000eab00000)
 Metaspace       used 20265K, capacity 20782K, committed 20992K, reserved 1067008K
  class space    used 2909K, capacity 3051K, committed 3072K, reserved 1048576K
Event: 27.193 GC heap after
Heap after GC invocations=3 (full 0):
 PSYoungGen      total 76288K, used 10736K [0x00000000f5580000, 0x00000000faa80000, 0x0000000100000000)
  eden space 65536K, 0% used [0x00000000f5580000,0x00000000f5580000,0x00000000f9580000)
  from space 10752K, 99% used [0x00000000f9580000,0x00000000f9ffc088,0x00000000fa000000)
  to   space 10752K, 0% used [0x00000000fa000000,0x00000000fa000000,0x00000000faa80000)
 ParOldGen       total 175104K, used 575K [0x00000000e0000000, 0x00000000eab00000, 0x00000000f5580000)
  object space 175104K, 0% used [0x00000000e0000000,0x00000000e008fca0,0x00000000eab00000)
 Metaspace       used 20265K, capacity 20782K, committed 20992K, reserved 1067008K
  class space    used 2909K, capacity 3051K, committed 3072K, reserved 1048576K
}
Event: 31.180 GC heap before
{Heap before GC invocations=4 (full 0):
 PSYoungGen      total 76288K, used 20314K [0x00000000f5580000, 0x00000000faa80000, 0x0000000100000000)
  eden space 65536K, 14% used [0x00000000f5580000,0x00000000f5eda898,0x00000000f9580000)
  from space 10752K, 99% used [0x00000000f9580000,0x00000000f9ffc088,0x00000000fa000000)
  to   space 10752K, 0% used [0x00000000fa000000,0x00000000fa000000,0x00000000faa80000)
 ParOldGen       total 175104K, used 575K [0x00000000e0000000, 0x00000000eab00000, 0x00000000f5580000)
  object space 175104K, 0% used [0x00000000e0000000,0x00000000e008fca0,0x00000000eab00000)
 Metaspace       used 20696K, capacity 21246K, committed 21296K, reserved 1067008K
  class space    used 2982K, capacity 3159K, committed 3200K, reserved 1048576K
Event: 31.197 GC heap after
Heap after GC invocations=4 (full 0):
 PSYoungGen      total 76288K, used 7137K [0x00000000f5580000, 0x00000000faa80000, 0x0000000100000000)
  eden space 65536K, 0% used [0x00000000f5580000,0x00000000f5580000,0x00000000f9580000)
  from space 10752K, 66% used [0x00000000fa000000,0x00000000fa6f8438,0x00000000faa80000)
  to   space 10752K, 0% used [0x00000000f9580000,0x00000000f9580000,0x00000000fa000000)
 ParOldGen       total 175104K, used 583K [0x00000000e0000000, 0x00000000eab00000, 0x00000000f5580000)
  object space 175104K, 0% used [0x00000000e0000000,0x00000000e0091ca0,0x00000000eab00000)
 Metaspace       used 20696K, capacity 21246K, committed 21296K, reserved 1067008K
  class space    used 2982K, capacity 3159K, committed 3200K, reserved 1048576K
}
Event: 31.197 GC heap before
{Heap before GC invocations=5 (full 1):
 PSYoungGen      total 76288K, used 7137K [0x00000000f5580000, 0x00000000faa80000, 0x0000000100000000)
  eden space 65536K, 0% used [0x00000000f5580000,0x00000000f5580000,0x00000000f9580000)
  from space 10752K, 66% used [0x00000000fa000000,0x00000000fa6f8438,0x00000000faa80000)
  to   space 10752K, 0% used [0x00000000f9580000,0x00000000f9580000,0x00000000fa000000)
 ParOldGen       total 175104K, used 583K [0x00000000e0000000, 0x00000000eab00000, 0x00000000f5580000)
  object space 175104K, 0% used [0x00000000e0000000,0x00000000e0091ca0,0x00000000eab00000)
 Metaspace       used 20696K, capacity 21246K, committed 21296K, reserved 1067008K
  class space    used 2982K, capacity 3159K, committed 3200K, reserved 1048576K
Event: 31.662 GC heap after
Heap after GC invocations=5 (full 1):
 PSYoungGen      total 76288K, used 0K [0x00000000f5580000, 0x00000000faa80000, 0x0000000100000000)
  eden space 65536K, 0% used [0x00000000f5580000,0x00000000f5580000,0x00000000f9580000)
  from space 10752K, 0% used [0x00000000fa000000,0x00000000fa000000,0x00000000faa80000)
  to   space 10752K, 0% used [0x00000000f9580000,0x00000000f9580000,0x00000000fa000000)
 ParOldGen       total 175104K, used 6927K [0x00000000e0000000, 0x00000000eab00000, 0x00000000f5580000)
  object space 175104K, 3% used [0x00000000e0000000,0x00000000e06c3c10,0x00000000eab00000)
 Metaspace       used 20696K, capacity 21246K, committed 21296K, reserved 1067008K
  class space    used 2982K, capacity 3159K, committed 3200K, reserved 1048576K
}

